<?xml version="1.0" encoding="UTF-8"?>
<testsuite name="com.bt.fairbilling.util.ListUtilTest" tests="3" skipped="0" failures="0" errors="0" timestamp="2019-02-07T13:24:07" hostname="DESKTOP-PJI79NO" time="0.001">
  <properties/>
  <testcase name="reverseList_WhenListHasMultipleValues_ThenReturnsListInReverseOrder" classname="com.bt.fairbilling.util.ListUtilTest" time="0.001"/>
  <testcase name="reverseList_WhenEmptyList_ThenReturnsEmptyList" classname="com.bt.fairbilling.util.ListUtilTest" time="0.0"/>
  <testcase name="reverseList_WhenListHasOneValue_ThenReturnsList" classname="com.bt.fairbilling.util.ListUtilTest" time="0.0"/>
  <system-out><![CDATA[]]></system-out>
  <system-err><![CDATA[]]></system-err>
</testsuite>
